<?xml version="1.0" encoding="UTF-8"?>
<!-- Generated by org.testng.reporters.JUnitXMLReporter -->
<testsuite hostname="Kineshs-MacBook-Pro.local" ignored="0" name="Test" tests="2" failures="0" timestamp="10 Apr 2018 22:52:12 GMT" time="1.62" errors="0">
  <testcase name="testApp" time="0.013" classname="Academy.EndtoEnd_project.AppTest"/>
  <testcase name="basePageNavigation" time="0.0" classname="Academy.EndtoEnd_project.Homepage">
    <skipped/>
  </testcase> <!-- basePageNavigation -->
</testsuite> <!-- Test -->
